<?xml version="1.0" encoding="UTF-8"?>
<testng-results skipped="0" failed="0" total="1" passed="1">
  <reporter-output>
  </reporter-output>
  <suite name="Default suite" duration-ms="11310" started-at="2018-12-17T07:29:07Z" finished-at="2018-12-17T07:29:18Z">
    <groups>
    </groups>
    <test name="Default test" duration-ms="11310" started-at="2018-12-17T07:29:07Z" finished-at="2018-12-17T07:29:18Z">
      <class name="Sample">
        <test-method status="PASS" signature="beforeTest()[pri:0, instance:Sample@100fc185]" name="beforeTest" is-config="true" duration-ms="9312" started-at="2018-12-17T12:59:07Z" finished-at="2018-12-17T12:59:16Z">
          <reporter-output>
          </reporter-output>
        </test-method> <!-- beforeTest -->
        <test-method status="PASS" signature="f()[pri:0, instance:Sample@100fc185]" name="f" duration-ms="1970" started-at="2018-12-17T12:59:16Z" finished-at="2018-12-17T12:59:18Z">
          <reporter-output>
          </reporter-output>
        </test-method> <!-- f -->
      </class> <!-- Sample -->
    </test> <!-- Default test -->
  </suite> <!-- Default suite -->
</testng-results>
